<?xml version="1.0" encoding="UTF-8"?>
<testng-results ignored="0" total="1" passed="1" failed="0" skipped="0">
  <reporter-output>
  </reporter-output>
  <suite started-at="2024-06-13T15:55:04 IST" name="Default suite" finished-at="2024-06-13T15:55:33 IST" duration-ms="29077">
    <groups>
    </groups>
    <test started-at="2024-06-13T15:55:04 IST" name="Default test" finished-at="2024-06-13T15:55:33 IST" duration-ms="29077">
      <class name="ui.DwaeeAdminIM">
        <test-method signature="Dwaee()[pri:0, instance:ui.DwaeeAdminIM@2b27cc70]" started-at="2024-06-13T15:55:04 IST" name="Dwaee" finished-at="2024-06-13T15:55:33 IST" duration-ms="28983" status="PASS">
          <reporter-output>
          </reporter-output>
        </test-method> <!-- Dwaee -->
      </class> <!-- ui.DwaeeAdminIM -->
    </test> <!-- Default test -->
  </suite> <!-- Default suite -->
</testng-results>
